<testsuite errors='0' failures='0' name='tests.com.iomull.imageGallery.model.ConfigModelTest' tests='1' time='0' ><testcase name="testParseXML" time="15"/><coverage classname="D:\GitHub\ImageGallery\src;com\iomull\imageGallery\model;ConfigAppModel.as"><touch>1</touch><touch>22</touch><touch>24</touch><touch>28</touch><touch>30</touch><touch>32</touch><touch>34</touch><touch>35</touch><touch>38</touch><touch>39</touch></coverage><coverage classname="D:\GitHub\ImageGallery\src;tests\com\iomull\imageGallery\model;AllModelTestSuite.as"><touch>1</touch></coverage><coverage classname="D:\GitHub\ImageGallery\src;com\iomull\imageGallery\signals;SignalParseComplete.as"><touch>1</touch><touch>14</touch><touch>15</touch></coverage><coverage classname="D:\GitHub\ImageGallery\src;com\iomull\imageGallery\model\vo;ImagePathVO.as"><touch>1</touch><touch>13</touch><touch>15</touch><touch>16</touch><touch>17</touch><touch>18</touch></coverage><coverage classname="D:\GitHub\ImageGallery\src;tests\com\iomull\imageGallery\model;ConfigModelTest.as"><touch>1</touch><touch>53</touch><touch>19</touch><touch>20</touch><touch>21</touch><touch>22</touch><touch>30</touch><touch>32</touch><touch>34</touch><touch>36</touch><touch>37</touch><touch>38</touch><touch>40</touch><touch>41</touch><touch>42</touch><touch>43</touch><touch>48</touch><touch>49</touch></coverage></testsuite>